1681202308784|5|statement|connection 0|url jdbc:p6spy:oracle:thin:@localhost:1521:XE|     drop table member cascade constraints|     drop table member cascade constraints
1681202308795|3|statement|connection 0|url jdbc:p6spy:oracle:thin:@localhost:1521:XE|     drop sequence hibernate_sequence|     drop sequence hibernate_sequence
1681202308809|7|statement|connection 0|url jdbc:p6spy:oracle:thin:@localhost:1521:XE|create sequence hibernate_sequence start with 1 increment by 1|create sequence hibernate_sequence start with 1 increment by 1
1681202308827|15|statement|connection 0|url jdbc:p6spy:oracle:thin:@localhost:1521:XE|     create table member (        member_id number(19,0) not null,         member_age number(10,0) not null,         member_email varchar2(255),         member_name varchar2(255),         member_password varchar2(255),         primary key (member_id)     )|     create table member (        member_id number(19,0) not null,         member_age number(10,0) not null,         member_email varchar2(255),         member_name varchar2(255),         member_password varchar2(255),         primary key (member_id)     )
1681202308833|5|statement|connection 0|url jdbc:p6spy:oracle:thin:@localhost:1521:XE|     alter table member         add constraint UK_3orqjaukiw2b73e2gw8rer4rq unique (member_email)|     alter table member         add constraint UK_3orqjaukiw2b73e2gw8rer4rq unique (member_email)
1681202327687|17|statement|connection 0|url jdbc:p6spy:oracle:thin:@localhost:1521:XE|     drop table member cascade constraints|     drop table member cascade constraints
1681202327697|9|statement|connection 0|url jdbc:p6spy:oracle:thin:@localhost:1521:XE|     drop sequence hibernate_sequence|     drop sequence hibernate_sequence
1681202327701|1|statement|connection 0|url jdbc:p6spy:oracle:thin:@localhost:1521:XE|create sequence hibernate_sequence start with 1 increment by 1|create sequence hibernate_sequence start with 1 increment by 1
1681202327716|12|statement|connection 0|url jdbc:p6spy:oracle:thin:@localhost:1521:XE|     create table member (        member_id number(19,0) not null,         member_age number(10,0) not null,         member_email varchar2(255),         member_name varchar2(255),         member_password varchar2(255),         primary key (member_id)     )|     create table member (        member_id number(19,0) not null,         member_age number(10,0) not null,         member_email varchar2(255),         member_name varchar2(255),         member_password varchar2(255),         primary key (member_id)     )
1681202327719|3|statement|connection 0|url jdbc:p6spy:oracle:thin:@localhost:1521:XE|     alter table member         add constraint UK_3orqjaukiw2b73e2gw8rer4rq unique (member_email)|     alter table member         add constraint UK_3orqjaukiw2b73e2gw8rer4rq unique (member_email)
1681283585161|15|statement|connection 0|url jdbc:p6spy:oracle:thin:@localhost:1521:XE|select * from all_sequences|select * from all_sequences
1681283585604|11|statement|connection 0|url jdbc:p6spy:oracle:thin:@localhost:1521:XE|     alter table member         add member_type number(10,0)|     alter table member         add member_type number(10,0)
1681283697179|6|statement|connection 0|url jdbc:p6spy:oracle:thin:@localhost:1521:XE|select * from all_sequences|select * from all_sequences
1681283789527|14|statement|connection 0|url jdbc:p6spy:oracle:thin:@localhost:1521:XE|     drop table member cascade constraints|     drop table member cascade constraints
1681283789529|1|statement|connection 0|url jdbc:p6spy:oracle:thin:@localhost:1521:XE|     drop sequence hibernate_sequence|     drop sequence hibernate_sequence
1681283789533|1|statement|connection 0|url jdbc:p6spy:oracle:thin:@localhost:1521:XE|create sequence hibernate_sequence start with 1 increment by 1|create sequence hibernate_sequence start with 1 increment by 1
1681283789542|5|statement|connection 0|url jdbc:p6spy:oracle:thin:@localhost:1521:XE|     create table member (        member_id number(19,0) not null,         member_age number(10,0) not null,         member_email varchar2(255),         member_name varchar2(255),         member_password varchar2(255),         member_type varchar2(255),         primary key (member_id)     )|     create table member (        member_id number(19,0) not null,         member_age number(10,0) not null,         member_email varchar2(255),         member_name varchar2(255),         member_password varchar2(255),         member_type varchar2(255),         primary key (member_id)     )
1681283789545|2|statement|connection 0|url jdbc:p6spy:oracle:thin:@localhost:1521:XE|     alter table member         add constraint UK_3orqjaukiw2b73e2gw8rer4rq unique (member_email)|     alter table member         add constraint UK_3orqjaukiw2b73e2gw8rer4rq unique (member_email)
1681284119579|14|statement|connection 0|url jdbc:p6spy:oracle:thin:@localhost:1521:XE|     drop table tbl_member cascade constraints|     drop table tbl_member cascade constraints
1681284119588|1|statement|connection 0|url jdbc:p6spy:oracle:thin:@localhost:1521:XE|     drop sequence hibernate_sequence|     drop sequence hibernate_sequence
1681284119591|1|statement|connection 0|url jdbc:p6spy:oracle:thin:@localhost:1521:XE|create sequence hibernate_sequence start with 1 increment by 1|create sequence hibernate_sequence start with 1 increment by 1
1681284119602|9|statement|connection 0|url jdbc:p6spy:oracle:thin:@localhost:1521:XE|     create table tbl_member (        member_id number(19,0) not null,         member_age number(10,0) not null,         member_email varchar2(255),         member_name varchar2(255),         member_password varchar2(255),         member_type varchar2(255),         primary key (member_id)     )|     create table tbl_member (        member_id number(19,0) not null,         member_age number(10,0) not null,         member_email varchar2(255),         member_name varchar2(255),         member_password varchar2(255),         member_type varchar2(255),         primary key (member_id)     )
1681284119608|5|statement|connection 0|url jdbc:p6spy:oracle:thin:@localhost:1521:XE|     alter table tbl_member         add constraint UK_s35vtuk3bgund1wqi78odjvfm unique (member_email)|     alter table tbl_member         add constraint UK_s35vtuk3bgund1wqi78odjvfm unique (member_email)
1681284322381|9|statement|connection 0|url jdbc:p6spy:oracle:thin:@localhost:1521:XE|     drop table tbl_member cascade constraints|     drop table tbl_member cascade constraints
1681284322383|1|statement|connection 0|url jdbc:p6spy:oracle:thin:@localhost:1521:XE|     drop sequence hibernate_sequence|     drop sequence hibernate_sequence
1681284322386|1|statement|connection 0|url jdbc:p6spy:oracle:thin:@localhost:1521:XE|create sequence hibernate_sequence start with 1 increment by 1|create sequence hibernate_sequence start with 1 increment by 1
1681284322399|11|statement|connection 0|url jdbc:p6spy:oracle:thin:@localhost:1521:XE|     create table tbl_member (        member_id number(19,0) not null,         member_age2 number(10,0) not null,         member_email varchar2(255),         member_name varchar2(255),         member_password varchar2(255),         member_type varchar2(255),         primary key (member_id)     )|     create table tbl_member (        member_id number(19,0) not null,         member_age2 number(10,0) not null,         member_email varchar2(255),         member_name varchar2(255),         member_password varchar2(255),         member_type varchar2(255),         primary key (member_id)     )
1681284322403|3|statement|connection 0|url jdbc:p6spy:oracle:thin:@localhost:1521:XE|     alter table tbl_member         add constraint UK_s35vtuk3bgund1wqi78odjvfm unique (member_email)|     alter table tbl_member         add constraint UK_s35vtuk3bgund1wqi78odjvfm unique (member_email)
1681284400422|14|statement|connection 0|url jdbc:p6spy:oracle:thin:@localhost:1521:XE|     drop table tbl_member cascade constraints|     drop table tbl_member cascade constraints
1681284400424|1|statement|connection 0|url jdbc:p6spy:oracle:thin:@localhost:1521:XE|     drop sequence hibernate_sequence|     drop sequence hibernate_sequence
1681284400428|1|statement|connection 0|url jdbc:p6spy:oracle:thin:@localhost:1521:XE|create sequence hibernate_sequence start with 1 increment by 1|create sequence hibernate_sequence start with 1 increment by 1
1681284400440|10|statement|connection 0|url jdbc:p6spy:oracle:thin:@localhost:1521:XE|     create table tbl_member (        member_id number(19,0) not null,         member_age number(10,0) not null,         member_email varchar2(255),         member_name varchar2(255),         member_password varchar2(255),         member_type varchar2(255),         primary key (member_id)     )|     create table tbl_member (        member_id number(19,0) not null,         member_age number(10,0) not null,         member_email varchar2(255),         member_name varchar2(255),         member_password varchar2(255),         member_type varchar2(255),         primary key (member_id)     )
1681284400443|3|statement|connection 0|url jdbc:p6spy:oracle:thin:@localhost:1521:XE|     alter table tbl_member         add constraint UK_s35vtuk3bgund1wqi78odjvfm unique (member_email)|     alter table tbl_member         add constraint UK_s35vtuk3bgund1wqi78odjvfm unique (member_email)
1681284679660|9|statement|connection 0|url jdbc:p6spy:oracle:thin:@localhost:1521:XE|     drop table tbl_member cascade constraints|     drop table tbl_member cascade constraints
1681284679661|1|statement|connection 0|url jdbc:p6spy:oracle:thin:@localhost:1521:XE|     drop sequence hibernate_sequence|     drop sequence hibernate_sequence
1681284679666|1|statement|connection 0|url jdbc:p6spy:oracle:thin:@localhost:1521:XE|create sequence hibernate_sequence start with 1 increment by 1|create sequence hibernate_sequence start with 1 increment by 1
1681284679680|11|statement|connection 0|url jdbc:p6spy:oracle:thin:@localhost:1521:XE|     create table tbl_member (        member_id number(19,0) not null,         member_age number(10,0) not null,         member_email varchar2(255),         member_name varchar2(255),         member_password varchar2(255),         member_type varchar2(255),         primary key (member_id)     )|     create table tbl_member (        member_id number(19,0) not null,         member_age number(10,0) not null,         member_email varchar2(255),         member_name varchar2(255),         member_password varchar2(255),         member_type varchar2(255),         primary key (member_id)     )
1681284679684|3|statement|connection 0|url jdbc:p6spy:oracle:thin:@localhost:1521:XE|     alter table tbl_member         add constraint UK_s35vtuk3bgund1wqi78odjvfm unique (member_email)|     alter table tbl_member         add constraint UK_s35vtuk3bgund1wqi78odjvfm unique (member_email)
